time="2022-09-20T13:23:14+03:00" level=info msg="Logger initialized." func="main.go:12" file="main.main()"
time="2022-09-20T13:23:14+03:00" level=info msg="Application context initialized." func="main.go:14" file="main.main()"
time="2022-09-20T13:23:14+03:00" level=info msg="Application started." func="main.go:18" file="main.main()"
time="2022-09-20T13:23:14+03:00" level=info msg="Initializing application router" func="router.go:20" file="neatly/internal/router.Init()"
time="2022-09-20T13:23:14+03:00" level=info msg="Initializing application context" func="config.go:34" file="neatly/internal/config.GetConfig()"
time="2022-09-20T13:23:14+03:00" level=info msg="Reading application config" func="config.go:23" file="neatly/internal/config.InitConfig()"
time="2022-09-20T13:23:14+03:00" level=info func="config.go:28" file="neatly/internal/config.InitConfig()"
time="2022-09-20T13:23:14+03:00" level=fatal msg="open config.yml: no such file or directory" func="config.go:29" file="neatly/internal/config.InitConfig()"
time="2022-09-20T13:23:53+03:00" level=info msg="Logger initialized." func="main.go:12" file="main.main()"
time="2022-09-20T13:23:53+03:00" level=info msg="Application context initialized." func="main.go:14" file="main.main()"
time="2022-09-20T13:23:53+03:00" level=info msg="Application started." func="main.go:18" file="main.main()"
time="2022-09-20T13:23:53+03:00" level=info msg="Initializing application router" func="router.go:20" file="neatly/internal/router.Init()"
time="2022-09-20T13:23:53+03:00" level=info msg="Initializing application context" func="config.go:34" file="neatly/internal/config.GetConfig()"
time="2022-09-20T13:23:53+03:00" level=info msg="Reading application config" func="config.go:23" file="neatly/internal/config.InitConfig()"
time="2022-09-20T13:23:53+03:00" level=info func="config.go:28" file="neatly/internal/config.InitConfig()"
time="2022-09-20T13:23:53+03:00" level=fatal msg="open config.yml: no such file or directory" func="config.go:29" file="neatly/internal/config.InitConfig()"
time="2022-09-20T13:24:02+03:00" level=info msg="Logger initialized." func="main.go:12" file="main.main()"
time="2022-09-20T13:24:02+03:00" level=info msg="Application context initialized." func="main.go:14" file="main.main()"
time="2022-09-20T13:24:02+03:00" level=info msg="Application started." func="main.go:18" file="main.main()"
time="2022-09-20T13:24:02+03:00" level=info msg="Initializing application router" func="router.go:20" file="neatly/internal/router.Init()"
time="2022-09-20T13:24:02+03:00" level=info msg="Initializing application context" func="config.go:34" file="neatly/internal/config.GetConfig()"
time="2022-09-20T13:24:02+03:00" level=info msg="Reading application config" func="config.go:23" file="neatly/internal/config.InitConfig()"
time="2022-09-20T13:24:02+03:00" level=info msg="Bind application to : localhost:8080" func="router.go:32" file="neatly/internal/router.Init()"
time="2022-09-20T13:24:07+03:00" level=info msg="Caught signal interrupt. Shutting down..." func="shutdown.go:16" file="neatly/pkg/shutdown.Graceful()"
time="2022-09-20T13:24:07+03:00" level=warning msg="server shutdown" func="router.go:60" file="neatly/internal/router.Init()"
time="2022-09-20T13:25:24+03:00" level=info msg="Logger initialized." func="main.go:12" file="main.main()"
time="2022-09-20T13:25:24+03:00" level=info msg="Application context initialized." func="main.go:14" file="main.main()"
time="2022-09-20T13:25:24+03:00" level=info msg="Application started." func="main.go:18" file="main.main()"
time="2022-09-20T13:25:24+03:00" level=info msg="Initializing application router" func="router.go:20" file="neatly/internal/router.Init()"
time="2022-09-20T13:25:24+03:00" level=info msg="Initializing application context" func="config.go:34" file="neatly/internal/config.GetConfig()"
time="2022-09-20T13:25:24+03:00" level=info msg="Reading application config" func="config.go:23" file="neatly/internal/config.InitConfig()"
time="2022-09-20T13:25:24+03:00" level=info msg="Bind application to : localhost:8080" func="router.go:32" file="neatly/internal/router.Init()"
time="2022-09-20T13:27:27+03:00" level=info msg="Caught signal interrupt. Shutting down..." func="shutdown.go:16" file="neatly/pkg/shutdown.Graceful()"
time="2022-09-20T13:27:27+03:00" level=warning msg="server shutdown" func="router.go:60" file="neatly/internal/router.Init()"
time="2022-09-20T13:32:24+03:00" level=info msg="Logger initialized." func="main.go:12" file="main.main()"
time="2022-09-20T13:32:24+03:00" level=info msg="Application context initialized." func="main.go:14" file="main.main()"
time="2022-09-20T13:32:24+03:00" level=info msg="Application started." func="main.go:18" file="main.main()"
time="2022-09-20T13:32:24+03:00" level=info msg="Initializing application router" func="router.go:20" file="neatly/internal/router.Init()"
time="2022-09-20T13:32:24+03:00" level=info msg="Initializing application context" func="context.go:18" file="neatly/internal/context.GetInstance.func1()"
time="2022-09-20T13:32:24+03:00" level=info msg="Reading application config" func="config.go:26" file="neatly/internal/config.GetConfig.func1()"
time="2022-09-20T13:32:24+03:00" level=info msg="Bind application to : localhost:8080" func="router.go:32" file="neatly/internal/router.Init()"
time="2022-09-20T13:32:34+03:00" level=info msg="Caught signal interrupt. Shutting down..." func="shutdown.go:16" file="neatly/pkg/shutdown.Graceful()"
time="2022-09-20T13:32:34+03:00" level=warning msg="server shutdown" func="router.go:60" file="neatly/internal/router.Init()"
